Using pre-set license
Built from '2020.2/release' branch; Version is '2020.2.1f1 (270dd8c3da1c) revision 2559448'; Using compiler version '192528614'; Build Type 'Release'
OS: 'Windows 10  (10.0.0) 64bit' Language: 'ca' Physical Memory: 16271 MB
BatchMode: 1, IsHumanControllingUs: 0, StartBugReporterOnCrash: 0, Is64bit: 1, IsPro: 0

 COMMAND LINE ARGUMENTS:
C:\Program Files\Unity\Hub\Editor\2020.2.1f1\Editor\Unity.exe
-adb2
-batchMode
-noUpm
-name
AssetImportWorker0
-projectPath
E:/OneDrive/2. Profesional/5. Grau de Multimedia/2020-2021-2/TFG/No Vacancy
-logFile
Logs/AssetImportWorker0.log
-srvPort
52898
Successfully changed project path to: E:/OneDrive/2. Profesional/5. Grau de Multimedia/2020-2021-2/TFG/No Vacancy
E:/OneDrive/2. Profesional/5. Grau de Multimedia/2020-2021-2/TFG/No Vacancy
Using Asset Import Pipeline V2.
Refreshing native plugins compatible for Editor in 37.04 ms, found 0 plugins.
Preloading 0 native plugins for Editor in 0.00 ms.
Initialize engine version: 2020.2.1f1 (270dd8c3da1c)
[Subsystems] Discovering subsystems at path C:/Program Files/Unity/Hub/Editor/2020.2.1f1/Editor/Data/Resources/UnitySubsystems
[Subsystems] Discovering subsystems at path E:/OneDrive/2. Profesional/5. Grau de Multimedia/2020-2021-2/TFG/No Vacancy/Assets
GfxDevice: creating device client; threaded=0
Direct3D:
    Version:  Direct3D 11.0 [level 11.1]
    Renderer: NVIDIA GeForce GTX 1070 (ID=0x1b81)
    Vendor:   
    VRAM:     8088 MB
    Driver:   27.21.14.6140
Initialize mono
Mono path[0] = 'C:/Program Files/Unity/Hub/Editor/2020.2.1f1/Editor/Data/Managed'
Mono path[1] = 'C:/Program Files/Unity/Hub/Editor/2020.2.1f1/Editor/Data/MonoBleedingEdge/lib/mono/unityjit'
Mono config path = 'C:/Program Files/Unity/Hub/Editor/2020.2.1f1/Editor/Data/MonoBleedingEdge/etc'
Using monoOptions --debugger-agent=transport=dt_socket,embedding=1,server=y,suspend=n,address=127.0.0.1:56708
Begin MonoManager ReloadAssembly
Registering precompiled unity dll's ...
Register platform support module: C:/Program Files/Unity/Hub/Editor/2020.2.1f1/Editor/Data/PlaybackEngines/WindowsStandaloneSupport/UnityEditor.WindowsStandalone.Extensions.dll
Registered in 0.001458 seconds.
Native extension for WindowsStandalone target not found
Refreshing native plugins compatible for Editor in 32.22 ms, found 0 plugins.
Preloading 0 native plugins for Editor in 0.00 ms.
Invoked RoslynAnalysisRunner static constructor.
RoslynAnalysisRunner will not be running.
RoslynAnalysisRunner has terminated.
Mono: successfully reloaded assembly
- Completed reload, in  0.893 seconds
Platform modules already initialized, skipping
Registering precompiled user dll's ...
Registered in 0.002693 seconds.
Begin MonoManager ReloadAssembly
Native extension for WindowsStandalone target not found
Refreshing native plugins compatible for Editor in 0.31 ms, found 0 plugins.
Preloading 0 native plugins for Editor in 0.00 ms.
Invoked RoslynAnalysisRunner static constructor.
RoslynAnalysisRunner will not be running.
RoslynAnalysisRunner has terminated.
Mono: successfully reloaded assembly
- Completed reload, in  0.739 seconds
Platform modules already initialized, skipping
========================================================================
Worker process is ready to serve import requests
Launched and connected shader compiler UnityShaderCompiler.exe after 0.03 seconds
Refreshing native plugins compatible for Editor in 0.33 ms, found 0 plugins.
Preloading 0 native plugins for Editor in 0.00 ms.
Unloading 1399 Unused Serialized files (Serialized files now loaded: 0)
System memory in use before: 102.7 MB.
System memory in use after: 102.4 MB.

Unloading 14 unused Assets to reduce memory usage. Loaded Objects now: 2113.
Total: 2.047700 ms (FindLiveObjects: 0.155600 ms CreateObjectMapping: 0.086300 ms MarkObjects: 1.487600 ms  DeleteObjects: 0.317300 ms)

========================================================================
Received Import Request.
  path: Assets/Sounds/Night.mp3
  artifactKey: Guid(a4a42b1c08da6ba4ab59b570c8a4ee1a) Importer(815301076,1909f56bfc062723c751e8b465ee728b)
Start importing Assets/Sounds/Night.mp3 using Guid(a4a42b1c08da6ba4ab59b570c8a4ee1a) Importer(815301076,1909f56bfc062723c751e8b465ee728b)  -> (artifact id: '115ed684f790ab187c448cd2856ff5dc') in 0.090666 seconds
  Import took 0.099683 seconds .

========================================================================
Received Prepare
Registering precompiled user dll's ...
Registered in 0.002572 seconds.
Begin MonoManager ReloadAssembly
Native extension for WindowsStandalone target not found
Refreshing native plugins compatible for Editor in 0.30 ms, found 0 plugins.
Preloading 0 native plugins for Editor in 0.00 ms.
Invoked RoslynAnalysisRunner static constructor.
RoslynAnalysisRunner will not be running.
RoslynAnalysisRunner has terminated.
Mono: successfully reloaded assembly
- Completed reload, in  0.697 seconds
Platform modules already initialized, skipping
Refreshing native plugins compatible for Editor in 0.32 ms, found 0 plugins.
Preloading 0 native plugins for Editor in 0.00 ms.
Unloading 1331 Unused Serialized files (Serialized files now loaded: 0)
System memory in use before: 101.8 MB.
System memory in use after: 101.5 MB.

Unloading 9 unused Assets to reduce memory usage. Loaded Objects now: 2124.
Total: 1.719900 ms (FindLiveObjects: 0.168500 ms CreateObjectMapping: 0.056600 ms MarkObjects: 1.203300 ms  DeleteObjects: 0.290800 ms)

========================================================================
Received Import Request.
  Time since last request: 414.685935 seconds.
  path: Assets/Scripts/UI/ShowDialog.cs
  artifactKey: Guid(9ebefd25de842554c9e0d2af12247cac) Importer(815301076,1909f56bfc062723c751e8b465ee728b)
Start importing Assets/Scripts/UI/ShowDialog.cs using Guid(9ebefd25de842554c9e0d2af12247cac) Importer(815301076,1909f56bfc062723c751e8b465ee728b)  -> (artifact id: 'e49905e64c37c062eb6bca3812ac7b2f') in 0.049814 seconds
  Import took 0.069262 seconds .

========================================================================
Received Prepare
Registering precompiled user dll's ...
Registered in 0.002689 seconds.
Begin MonoManager ReloadAssembly
Native extension for WindowsStandalone target not found
Refreshing native plugins compatible for Editor in 1.64 ms, found 0 plugins.
Preloading 0 native plugins for Editor in 0.00 ms.
Invoked RoslynAnalysisRunner static constructor.
RoslynAnalysisRunner will not be running.
RoslynAnalysisRunner has terminated.
Mono: successfully reloaded assembly
- Completed reload, in  1.111 seconds
Platform modules already initialized, skipping
Refreshing native plugins compatible for Editor in 0.32 ms, found 0 plugins.
Preloading 0 native plugins for Editor in 0.00 ms.
Unloading 1332 Unused Serialized files (Serialized files now loaded: 0)
System memory in use before: 101.8 MB.
System memory in use after: 101.6 MB.

Unloading 9 unused Assets to reduce memory usage. Loaded Objects now: 2127.
Total: 1.828700 ms (FindLiveObjects: 0.223400 ms CreateObjectMapping: 0.065700 ms MarkObjects: 1.169900 ms  DeleteObjects: 0.368100 ms)

========================================================================
Received Prepare
Registering precompiled user dll's ...
Registered in 0.002521 seconds.
Begin MonoManager ReloadAssembly
Native extension for WindowsStandalone target not found
Refreshing native plugins compatible for Editor in 0.34 ms, found 0 plugins.
Preloading 0 native plugins for Editor in 0.00 ms.
Invoked RoslynAnalysisRunner static constructor.
RoslynAnalysisRunner will not be running.
RoslynAnalysisRunner has terminated.
Mono: successfully reloaded assembly
- Completed reload, in  0.728 seconds
Platform modules already initialized, skipping
Refreshing native plugins compatible for Editor in 0.30 ms, found 0 plugins.
Preloading 0 native plugins for Editor in 0.00 ms.
Unloading 1332 Unused Serialized files (Serialized files now loaded: 0)
System memory in use before: 101.9 MB.
System memory in use after: 101.6 MB.

Unloading 9 unused Assets to reduce memory usage. Loaded Objects now: 2129.
Total: 1.862600 ms (FindLiveObjects: 0.126400 ms CreateObjectMapping: 0.049900 ms MarkObjects: 1.375200 ms  DeleteObjects: 0.310100 ms)

========================================================================
Received Import Request.
  Time since last request: 116.176410 seconds.
  path: Assets/Scripts/PickObjects
  artifactKey: Guid(f9ce3f8fd823f754f82698190a9671bb) Importer(815301076,1909f56bfc062723c751e8b465ee728b)
Start importing Assets/Scripts/PickObjects using Guid(f9ce3f8fd823f754f82698190a9671bb) Importer(815301076,1909f56bfc062723c751e8b465ee728b)  -> (artifact id: 'dc68be1fb38f3f8b6bce0f33bc21fa94') in 0.026186 seconds
  Import took 0.034156 seconds .

========================================================================
Received Import Request.
  Time since last request: 20.839742 seconds.
  path: Assets/Scripts/ObjectBehaviour/MakeObjectPop.cs
  artifactKey: Guid(8d59fbf915b920e4dbf192a0bbfa6461) Importer(815301076,1909f56bfc062723c751e8b465ee728b)
Start importing Assets/Scripts/ObjectBehaviour/MakeObjectPop.cs using Guid(8d59fbf915b920e4dbf192a0bbfa6461) Importer(815301076,1909f56bfc062723c751e8b465ee728b)  -> (artifact id: 'd53a418dd9124052c7041f4e029707c8') in 0.025708 seconds
  Import took 0.043927 seconds .

========================================================================
Received Prepare
Registering precompiled user dll's ...
Registered in 0.002800 seconds.
Begin MonoManager ReloadAssembly
Native extension for WindowsStandalone target not found
Refreshing native plugins compatible for Editor in 0.30 ms, found 0 plugins.
Preloading 0 native plugins for Editor in 0.00 ms.
Invoked RoslynAnalysisRunner static constructor.
RoslynAnalysisRunner will not be running.
RoslynAnalysisRunner has terminated.
Mono: successfully reloaded assembly
- Completed reload, in  0.782 seconds
Platform modules already initialized, skipping
Refreshing native plugins compatible for Editor in 0.31 ms, found 0 plugins.
Preloading 0 native plugins for Editor in 0.00 ms.
Unloading 1332 Unused Serialized files (Serialized files now loaded: 0)
System memory in use before: 101.9 MB.
System memory in use after: 101.6 MB.

Unloading 9 unused Assets to reduce memory usage. Loaded Objects now: 2131.
Total: 1.673500 ms (FindLiveObjects: 0.138200 ms CreateObjectMapping: 0.049500 ms MarkObjects: 1.155600 ms  DeleteObjects: 0.329300 ms)

========================================================================
Received Prepare
Registering precompiled user dll's ...
Registered in 0.003339 seconds.
Begin MonoManager ReloadAssembly
Native extension for WindowsStandalone target not found
Refreshing native plugins compatible for Editor in 0.30 ms, found 0 plugins.
Preloading 0 native plugins for Editor in 0.00 ms.
Invoked RoslynAnalysisRunner static constructor.
RoslynAnalysisRunner will not be running.
RoslynAnalysisRunner has terminated.
Mono: successfully reloaded assembly
- Completed reload, in  0.729 seconds
Platform modules already initialized, skipping
Refreshing native plugins compatible for Editor in 0.30 ms, found 0 plugins.
Preloading 0 native plugins for Editor in 0.00 ms.
Unloading 1332 Unused Serialized files (Serialized files now loaded: 0)
System memory in use before: 101.9 MB.
System memory in use after: 101.6 MB.

Unloading 9 unused Assets to reduce memory usage. Loaded Objects now: 2133.
Total: 2.031100 ms (FindLiveObjects: 0.189000 ms CreateObjectMapping: 0.099100 ms MarkObjects: 1.416900 ms  DeleteObjects: 0.325100 ms)

========================================================================
Received Prepare
Registering precompiled user dll's ...
Registered in 0.002508 seconds.
Begin MonoManager ReloadAssembly
Native extension for WindowsStandalone target not found
Refreshing native plugins compatible for Editor in 0.34 ms, found 0 plugins.
Preloading 0 native plugins for Editor in 0.00 ms.
Invoked RoslynAnalysisRunner static constructor.
RoslynAnalysisRunner will not be running.
RoslynAnalysisRunner has terminated.
Mono: successfully reloaded assembly
- Completed reload, in  0.717 seconds
Platform modules already initialized, skipping
Refreshing native plugins compatible for Editor in 0.34 ms, found 0 plugins.
Preloading 0 native plugins for Editor in 0.00 ms.
Unloading 1332 Unused Serialized files (Serialized files now loaded: 0)
System memory in use before: 101.9 MB.
System memory in use after: 101.6 MB.

Unloading 9 unused Assets to reduce memory usage. Loaded Objects now: 2135.
Total: 1.833500 ms (FindLiveObjects: 0.146400 ms CreateObjectMapping: 0.053800 ms MarkObjects: 1.293700 ms  DeleteObjects: 0.338500 ms)

========================================================================
Received Prepare
Registering precompiled user dll's ...
Registered in 0.002507 seconds.
Begin MonoManager ReloadAssembly
Native extension for WindowsStandalone target not found
Refreshing native plugins compatible for Editor in 0.30 ms, found 0 plugins.
Preloading 0 native plugins for Editor in 0.00 ms.
Invoked RoslynAnalysisRunner static constructor.
RoslynAnalysisRunner will not be running.
RoslynAnalysisRunner has terminated.
Mono: successfully reloaded assembly
- Completed reload, in  0.701 seconds
Platform modules already initialized, skipping
Refreshing native plugins compatible for Editor in 0.31 ms, found 0 plugins.
Preloading 0 native plugins for Editor in 0.00 ms.
Unloading 1332 Unused Serialized files (Serialized files now loaded: 0)
System memory in use before: 101.9 MB.
System memory in use after: 101.6 MB.

Unloading 9 unused Assets to reduce memory usage. Loaded Objects now: 2137.
Total: 1.725000 ms (FindLiveObjects: 0.218300 ms CreateObjectMapping: 0.072300 ms MarkObjects: 1.099500 ms  DeleteObjects: 0.333600 ms)

========================================================================
Received Prepare
Registering precompiled user dll's ...
Registered in 0.002554 seconds.
Begin MonoManager ReloadAssembly
Native extension for WindowsStandalone target not found
Refreshing native plugins compatible for Editor in 0.36 ms, found 0 plugins.
Preloading 0 native plugins for Editor in 0.00 ms.
Invoked RoslynAnalysisRunner static constructor.
RoslynAnalysisRunner will not be running.
RoslynAnalysisRunner has terminated.
Mono: successfully reloaded assembly
- Completed reload, in  0.743 seconds
Platform modules already initialized, skipping
Refreshing native plugins compatible for Editor in 0.51 ms, found 0 plugins.
Preloading 0 native plugins for Editor in 0.00 ms.
Unloading 1332 Unused Serialized files (Serialized files now loaded: 0)
System memory in use before: 101.9 MB.
System memory in use after: 101.6 MB.

Unloading 9 unused Assets to reduce memory usage. Loaded Objects now: 2139.
Total: 2.863600 ms (FindLiveObjects: 0.265400 ms CreateObjectMapping: 0.146900 ms MarkObjects: 1.948200 ms  DeleteObjects: 0.502100 ms)

========================================================================
Received Import Request.
  Time since last request: 648.035354 seconds.
  path: Assets/Scripts/ObjectBehaviour/ShowDialog.cs
  artifactKey: Guid(9ebefd25de842554c9e0d2af12247cac) Importer(815301076,1909f56bfc062723c751e8b465ee728b)
Start importing Assets/Scripts/ObjectBehaviour/ShowDialog.cs using Guid(9ebefd25de842554c9e0d2af12247cac) Importer(815301076,1909f56bfc062723c751e8b465ee728b)  -> (artifact id: 'a5741f1b790084d4efd7910b7a582b37') in 0.005227 seconds
  Import took 0.013475 seconds .

========================================================================
Received Prepare
Registering precompiled user dll's ...
Registered in 0.002852 seconds.
Begin MonoManager ReloadAssembly
Native extension for WindowsStandalone target not found
Refreshing native plugins compatible for Editor in 0.31 ms, found 0 plugins.
Preloading 0 native plugins for Editor in 0.00 ms.
Invoked RoslynAnalysisRunner static constructor.
RoslynAnalysisRunner will not be running.
RoslynAnalysisRunner has terminated.
Mono: successfully reloaded assembly
- Completed reload, in  0.699 seconds
Platform modules already initialized, skipping
Refreshing native plugins compatible for Editor in 0.33 ms, found 0 plugins.
Preloading 0 native plugins for Editor in 0.00 ms.
Unloading 1332 Unused Serialized files (Serialized files now loaded: 0)
System memory in use before: 101.9 MB.
System memory in use after: 101.6 MB.

Unloading 9 unused Assets to reduce memory usage. Loaded Objects now: 2141.
Total: 1.869500 ms (FindLiveObjects: 0.246400 ms CreateObjectMapping: 0.075300 ms MarkObjects: 1.199300 ms  DeleteObjects: 0.347500 ms)

========================================================================
Received Prepare
Registering precompiled user dll's ...
Registered in 0.002511 seconds.
Begin MonoManager ReloadAssembly
Native extension for WindowsStandalone target not found
Refreshing native plugins compatible for Editor in 0.30 ms, found 0 plugins.
Preloading 0 native plugins for Editor in 0.00 ms.
Invoked RoslynAnalysisRunner static constructor.
RoslynAnalysisRunner will not be running.
RoslynAnalysisRunner has terminated.
Mono: successfully reloaded assembly
- Completed reload, in  0.713 seconds
Platform modules already initialized, skipping
Refreshing native plugins compatible for Editor in 0.34 ms, found 0 plugins.
Preloading 0 native plugins for Editor in 0.00 ms.
Unloading 1332 Unused Serialized files (Serialized files now loaded: 0)
System memory in use before: 101.9 MB.
System memory in use after: 101.6 MB.

Unloading 9 unused Assets to reduce memory usage. Loaded Objects now: 2143.
Total: 1.906100 ms (FindLiveObjects: 0.177900 ms CreateObjectMapping: 0.063000 ms MarkObjects: 1.308800 ms  DeleteObjects: 0.355300 ms)

========================================================================
Received Import Request.
  Time since last request: 124.500350 seconds.
  path: Assets/Animations/UI
  artifactKey: Guid(d14b31557a6cc4b4cb7f6ad768b439cf) Importer(815301076,1909f56bfc062723c751e8b465ee728b)
Start importing Assets/Animations/UI using Guid(d14b31557a6cc4b4cb7f6ad768b439cf) Importer(815301076,1909f56bfc062723c751e8b465ee728b)  -> (artifact id: '34cfbf62fd48088fa62d8f02ed549764') in 0.016783 seconds
  Import took 0.024881 seconds .

========================================================================
Received Import Request.
  Time since last request: 3.477069 seconds.
  path: Assets/Animations/UI/DialogText.anim
  artifactKey: Guid(9490e058f1d74f54c84926bec998fe72) Importer(815301076,1909f56bfc062723c751e8b465ee728b)
Start importing Assets/Animations/UI/DialogText.anim using Guid(9490e058f1d74f54c84926bec998fe72) Importer(815301076,1909f56bfc062723c751e8b465ee728b)  -> (artifact id: 'b5e762f548901e59dd4cd704fa520563') in 0.030939 seconds
  Import took 0.040422 seconds .

========================================================================
Received Import Request.
  Time since last request: 0.002633 seconds.
  path: Assets/Animations/UI/DialogText.anim
  artifactKey: Guid(9490e058f1d74f54c84926bec998fe72) Importer(815301076,1909f56bfc062723c751e8b465ee728b)
Start importing Assets/Animations/UI/DialogText.anim using Guid(9490e058f1d74f54c84926bec998fe72) Importer(815301076,1909f56bfc062723c751e8b465ee728b)  -> (artifact id: 'b5e762f548901e59dd4cd704fa520563') in 0.004272 seconds
  Import took 0.016137 seconds .

========================================================================
Received Import Request.
  Time since last request: 2.274657 seconds.
  path: Assets/Animations/UI/DialogPanel.anim
  artifactKey: Guid(c2157d8492e94df4d9bd243d546bf2c9) Importer(815301076,1909f56bfc062723c751e8b465ee728b)
Start importing Assets/Animations/UI/DialogPanel.anim using Guid(c2157d8492e94df4d9bd243d546bf2c9) Importer(815301076,1909f56bfc062723c751e8b465ee728b)  -> (artifact id: '4aa69efa6dba55db0d48c5d6ec400578') in 0.008423 seconds
  Import took 0.016535 seconds .

========================================================================
Received Prepare
Registering precompiled user dll's ...
Registered in 0.002511 seconds.
Begin MonoManager ReloadAssembly
Native extension for WindowsStandalone target not found
Refreshing native plugins compatible for Editor in 0.36 ms, found 0 plugins.
Preloading 0 native plugins for Editor in 0.00 ms.
Invoked RoslynAnalysisRunner static constructor.
RoslynAnalysisRunner will not be running.
RoslynAnalysisRunner has terminated.
Mono: successfully reloaded assembly
- Completed reload, in  0.780 seconds
Platform modules already initialized, skipping
Refreshing native plugins compatible for Editor in 0.36 ms, found 0 plugins.
Preloading 0 native plugins for Editor in 0.00 ms.
Unloading 1332 Unused Serialized files (Serialized files now loaded: 0)
System memory in use before: 101.9 MB.
System memory in use after: 101.7 MB.

Unloading 9 unused Assets to reduce memory usage. Loaded Objects now: 2145.
Total: 1.901600 ms (FindLiveObjects: 0.222000 ms CreateObjectMapping: 0.075700 ms MarkObjects: 1.250000 ms  DeleteObjects: 0.353000 ms)

========================================================================
Received Prepare
Registering precompiled user dll's ...
Registered in 0.002555 seconds.
Begin MonoManager ReloadAssembly
Native extension for WindowsStandalone target not found
Refreshing native plugins compatible for Editor in 0.31 ms, found 0 plugins.
Preloading 0 native plugins for Editor in 0.00 ms.
Invoked RoslynAnalysisRunner static constructor.
RoslynAnalysisRunner will not be running.
RoslynAnalysisRunner has terminated.
Mono: successfully reloaded assembly
- Completed reload, in  0.738 seconds
Platform modules already initialized, skipping
Refreshing native plugins compatible for Editor in 0.33 ms, found 0 plugins.
Preloading 0 native plugins for Editor in 0.00 ms.
Unloading 1332 Unused Serialized files (Serialized files now loaded: 0)
System memory in use before: 101.9 MB.
System memory in use after: 101.7 MB.

Unloading 9 unused Assets to reduce memory usage. Loaded Objects now: 2147.
Total: 2.914800 ms (FindLiveObjects: 0.248000 ms CreateObjectMapping: 0.097900 ms MarkObjects: 1.998700 ms  DeleteObjects: 0.568800 ms)

========================================================================
Received Prepare
Registering precompiled user dll's ...
Registered in 0.002841 seconds.
Begin MonoManager ReloadAssembly
Native extension for WindowsStandalone target not found
Refreshing native plugins compatible for Editor in 0.30 ms, found 0 plugins.
Preloading 0 native plugins for Editor in 0.00 ms.
Invoked RoslynAnalysisRunner static constructor.
RoslynAnalysisRunner will not be running.
RoslynAnalysisRunner has terminated.
Mono: successfully reloaded assembly
- Completed reload, in  0.686 seconds
Platform modules already initialized, skipping
Refreshing native plugins compatible for Editor in 0.66 ms, found 0 plugins.
Preloading 0 native plugins for Editor in 0.00 ms.
Unloading 1332 Unused Serialized files (Serialized files now loaded: 0)
System memory in use before: 101.9 MB.
System memory in use after: 101.7 MB.

Unloading 9 unused Assets to reduce memory usage. Loaded Objects now: 2149.
Total: 1.881800 ms (FindLiveObjects: 0.224900 ms CreateObjectMapping: 0.079300 ms MarkObjects: 1.230000 ms  DeleteObjects: 0.346700 ms)

========================================================================
Received Prepare
Registering precompiled user dll's ...
Registered in 0.002482 seconds.
Begin MonoManager ReloadAssembly
Native extension for WindowsStandalone target not found
Refreshing native plugins compatible for Editor in 0.31 ms, found 0 plugins.
Preloading 0 native plugins for Editor in 0.00 ms.
Invoked RoslynAnalysisRunner static constructor.
RoslynAnalysisRunner will not be running.
RoslynAnalysisRunner has terminated.
Mono: successfully reloaded assembly
- Completed reload, in  0.690 seconds
Platform modules already initialized, skipping
Refreshing native plugins compatible for Editor in 0.40 ms, found 0 plugins.
Preloading 0 native plugins for Editor in 0.00 ms.
Unloading 1332 Unused Serialized files (Serialized files now loaded: 0)
System memory in use before: 102.0 MB.
System memory in use after: 101.7 MB.

Unloading 9 unused Assets to reduce memory usage. Loaded Objects now: 2151.
Total: 2.027200 ms (FindLiveObjects: 0.195300 ms CreateObjectMapping: 0.076200 ms MarkObjects: 1.389100 ms  DeleteObjects: 0.365800 ms)

========================================================================
Received Prepare
Registering precompiled user dll's ...
Registered in 0.002523 seconds.
Begin MonoManager ReloadAssembly
Native extension for WindowsStandalone target not found
Refreshing native plugins compatible for Editor in 0.30 ms, found 0 plugins.
Preloading 0 native plugins for Editor in 0.00 ms.
Invoked RoslynAnalysisRunner static constructor.
RoslynAnalysisRunner will not be running.
RoslynAnalysisRunner has terminated.
Mono: successfully reloaded assembly
- Completed reload, in  0.667 seconds
Platform modules already initialized, skipping
Refreshing native plugins compatible for Editor in 0.32 ms, found 0 plugins.
Preloading 0 native plugins for Editor in 0.00 ms.
Unloading 1332 Unused Serialized files (Serialized files now loaded: 0)
System memory in use before: 102.0 MB.
System memory in use after: 101.7 MB.

Unloading 9 unused Assets to reduce memory usage. Loaded Objects now: 2153.
Total: 1.974900 ms (FindLiveObjects: 0.251400 ms CreateObjectMapping: 0.104800 ms MarkObjects: 1.259400 ms  DeleteObjects: 0.358000 ms)

========================================================================
Received Import Request.
  Time since last request: 368.873275 seconds.
  path: Assets/Animations/UI/Text.controller
  artifactKey: Guid(526bf56020bfbd64aa2d6b507405e25b) Importer(815301076,1909f56bfc062723c751e8b465ee728b)
Start importing Assets/Animations/UI/Text.controller using Guid(526bf56020bfbd64aa2d6b507405e25b) Importer(815301076,1909f56bfc062723c751e8b465ee728b)  -> (artifact id: '4b049540f02bcb8d2b3f3bbc63146d92') in 0.049625 seconds
  Import took 0.057534 seconds .

========================================================================
Received Import Request.
  Time since last request: 0.792166 seconds.
  path: Assets/Animations/UI/Panel.controller
  artifactKey: Guid(b632e2552f39f1c4f85fd88e8f5d3967) Importer(815301076,1909f56bfc062723c751e8b465ee728b)
Start importing Assets/Animations/UI/Panel.controller using Guid(b632e2552f39f1c4f85fd88e8f5d3967) Importer(815301076,1909f56bfc062723c751e8b465ee728b)  -> (artifact id: '31a3bd688a2bf7332103f14ba3e0c8a0') in 0.006950 seconds
  Import took 0.015669 seconds .

========================================================================
Received Prepare
Registering precompiled user dll's ...
Registered in 0.002584 seconds.
Begin MonoManager ReloadAssembly
Native extension for WindowsStandalone target not found
Refreshing native plugins compatible for Editor in 0.31 ms, found 0 plugins.
Preloading 0 native plugins for Editor in 0.00 ms.
Invoked RoslynAnalysisRunner static constructor.
RoslynAnalysisRunner will not be running.
RoslynAnalysisRunner has terminated.
Mono: successfully reloaded assembly
- Completed reload, in  0.691 seconds
Platform modules already initialized, skipping
Refreshing native plugins compatible for Editor in 0.31 ms, found 0 plugins.
Preloading 0 native plugins for Editor in 0.00 ms.
Unloading 1332 Unused Serialized files (Serialized files now loaded: 0)
System memory in use before: 101.9 MB.
System memory in use after: 101.7 MB.

Unloading 9 unused Assets to reduce memory usage. Loaded Objects now: 2155.
Total: 1.953900 ms (FindLiveObjects: 0.159300 ms CreateObjectMapping: 0.061000 ms MarkObjects: 1.381400 ms  DeleteObjects: 0.351200 ms)

AssetImportWorkerClient::OnTransportError - code=2 error=End of file
