Using pre-set license
Built from '2020.2/release' branch; Version is '2020.2.1f1 (270dd8c3da1c) revision 2559448'; Using compiler version '192528614'; Build Type 'Release'
OS: 'Windows 10  (10.0.0) 64bit' Language: 'ca' Physical Memory: 16271 MB
BatchMode: 1, IsHumanControllingUs: 0, StartBugReporterOnCrash: 0, Is64bit: 1, IsPro: 0

 COMMAND LINE ARGUMENTS:
C:\Program Files\Unity\Hub\Editor\2020.2.1f1\Editor\Unity.exe
-adb2
-batchMode
-noUpm
-name
AssetImportWorker0
-projectPath
E:/OneDrive/2. Profesional/5. Grau de Multimedia/2020-2021-2/TFG/No Vacancy
-logFile
Logs/AssetImportWorker0.log
-srvPort
61216
Successfully changed project path to: E:/OneDrive/2. Profesional/5. Grau de Multimedia/2020-2021-2/TFG/No Vacancy
E:/OneDrive/2. Profesional/5. Grau de Multimedia/2020-2021-2/TFG/No Vacancy
Using Asset Import Pipeline V2.
Refreshing native plugins compatible for Editor in 46.71 ms, found 0 plugins.
Preloading 0 native plugins for Editor in 0.00 ms.
Initialize engine version: 2020.2.1f1 (270dd8c3da1c)
[Subsystems] Discovering subsystems at path C:/Program Files/Unity/Hub/Editor/2020.2.1f1/Editor/Data/Resources/UnitySubsystems
[Subsystems] Discovering subsystems at path E:/OneDrive/2. Profesional/5. Grau de Multimedia/2020-2021-2/TFG/No Vacancy/Assets
GfxDevice: creating device client; threaded=0
Direct3D:
    Version:  Direct3D 11.0 [level 11.1]
    Renderer: NVIDIA GeForce GTX 1070 (ID=0x1b81)
    Vendor:   
    VRAM:     8088 MB
    Driver:   27.21.14.6140
Initialize mono
Mono path[0] = 'C:/Program Files/Unity/Hub/Editor/2020.2.1f1/Editor/Data/Managed'
Mono path[1] = 'C:/Program Files/Unity/Hub/Editor/2020.2.1f1/Editor/Data/MonoBleedingEdge/lib/mono/unityjit'
Mono config path = 'C:/Program Files/Unity/Hub/Editor/2020.2.1f1/Editor/Data/MonoBleedingEdge/etc'
Using monoOptions --debugger-agent=transport=dt_socket,embedding=1,server=y,suspend=n,address=127.0.0.1:56688
Begin MonoManager ReloadAssembly
Registering precompiled unity dll's ...
Register platform support module: C:/Program Files/Unity/Hub/Editor/2020.2.1f1/Editor/Data/PlaybackEngines/WindowsStandaloneSupport/UnityEditor.WindowsStandalone.Extensions.dll
Registered in 0.001603 seconds.
Native extension for WindowsStandalone target not found
Refreshing native plugins compatible for Editor in 54.58 ms, found 0 plugins.
Preloading 0 native plugins for Editor in 0.00 ms.
Invoked RoslynAnalysisRunner static constructor.
RoslynAnalysisRunner will not be running.
RoslynAnalysisRunner has terminated.
Mono: successfully reloaded assembly
- Completed reload, in  1.030 seconds
Platform modules already initialized, skipping
Registering precompiled user dll's ...
Registered in 0.005264 seconds.
Begin MonoManager ReloadAssembly
Native extension for WindowsStandalone target not found
Refreshing native plugins compatible for Editor in 0.38 ms, found 0 plugins.
Preloading 0 native plugins for Editor in 0.00 ms.
Invoked RoslynAnalysisRunner static constructor.
RoslynAnalysisRunner will not be running.
RoslynAnalysisRunner has terminated.
Mono: successfully reloaded assembly
- Completed reload, in  1.030 seconds
Platform modules already initialized, skipping
========================================================================
Worker process is ready to serve import requests
Launched and connected shader compiler UnityShaderCompiler.exe after 0.04 seconds
Refreshing native plugins compatible for Editor in 0.35 ms, found 0 plugins.
Preloading 0 native plugins for Editor in 0.00 ms.
Unloading 1409 Unused Serialized files (Serialized files now loaded: 0)
System memory in use before: 130.7 MB.
System memory in use after: 130.5 MB.

Unloading 14 unused Assets to reduce memory usage. Loaded Objects now: 2144.
Total: 1.976100 ms (FindLiveObjects: 0.148700 ms CreateObjectMapping: 0.056800 ms MarkObjects: 1.217300 ms  DeleteObjects: 0.552400 ms)

========================================================================
Received Import Request.
  path: Assets/Models/Materials/greeting_cards.jpg
  artifactKey: Guid(db778ff98207be4459b0214482ddf4c8) Importer(815301076,1909f56bfc062723c751e8b465ee728b)
Start importing Assets/Models/Materials/greeting_cards.jpg using Guid(db778ff98207be4459b0214482ddf4c8) Importer(815301076,1909f56bfc062723c751e8b465ee728b)  -> (artifact id: '69560fa8ddcf3df5523c60320cabcdf9') in 0.127267 seconds
  Import took 0.136084 seconds .

========================================================================
Received Import Request.
  Time since last request: 54.542691 seconds.
  path: Assets/Models/Materials/greeting_cards.jpg
  artifactKey: Guid(db778ff98207be4459b0214482ddf4c8) Importer(815301076,1909f56bfc062723c751e8b465ee728b)
Start importing Assets/Models/Materials/greeting_cards.jpg using Guid(db778ff98207be4459b0214482ddf4c8) Importer(815301076,1909f56bfc062723c751e8b465ee728b)  -> (artifact id: 'b3cfcbdae6f36a062e355f23a4733654') in 0.044570 seconds
  Import took 0.053130 seconds .

========================================================================
Received Import Request.
  Time since last request: 0.002973 seconds.
  path: Assets/Models/Materials/greeting_cards.jpg
  artifactKey: Guid(db778ff98207be4459b0214482ddf4c8) Importer(815301076,1909f56bfc062723c751e8b465ee728b)
Start importing Assets/Models/Materials/greeting_cards.jpg using Guid(db778ff98207be4459b0214482ddf4c8) Importer(815301076,1909f56bfc062723c751e8b465ee728b)  -> (artifact id: 'b3cfcbdae6f36a062e355f23a4733654') in 0.044066 seconds
  Import took 0.051314 seconds .

========================================================================
Received Prepare
Registering precompiled user dll's ...
Registered in 0.002636 seconds.
Begin MonoManager ReloadAssembly
Native extension for WindowsStandalone target not found
Refreshing native plugins compatible for Editor in 0.84 ms, found 0 plugins.
Preloading 0 native plugins for Editor in 0.00 ms.
Invoked RoslynAnalysisRunner static constructor.
RoslynAnalysisRunner will not be running.
RoslynAnalysisRunner has terminated.
Mono: successfully reloaded assembly
- Completed reload, in  0.980 seconds
Platform modules already initialized, skipping
Refreshing native plugins compatible for Editor in 0.50 ms, found 0 plugins.
Preloading 0 native plugins for Editor in 0.00 ms.
Unloading 1341 Unused Serialized files (Serialized files now loaded: 0)
System memory in use before: 126.8 MB.
System memory in use after: 126.5 MB.

Unloading 9 unused Assets to reduce memory usage. Loaded Objects now: 2148.
Total: 2.247100 ms (FindLiveObjects: 0.254100 ms CreateObjectMapping: 0.087600 ms MarkObjects: 1.392200 ms  DeleteObjects: 0.512300 ms)

========================================================================
Received Import Request.
  Time since last request: 14378.783772 seconds.
  path: Assets/Textures/Pages/Newspaper.png
  artifactKey: Guid(93b665dd044b3754180a97594a2ffefb) Importer(815301076,1909f56bfc062723c751e8b465ee728b)
Start importing Assets/Textures/Pages/Newspaper.png using Guid(93b665dd044b3754180a97594a2ffefb) Importer(815301076,1909f56bfc062723c751e8b465ee728b)  -> (artifact id: '67beebcf77028877f4b5831a27fc4462') in 1.114354 seconds
  Import took 1.191247 seconds .

========================================================================
Received Import Request.
  Time since last request: 6.527554 seconds.
  path: Assets/Textures/Pages/Newspaper.png
  artifactKey: Guid(93b665dd044b3754180a97594a2ffefb) Importer(815301076,1909f56bfc062723c751e8b465ee728b)
Start importing Assets/Textures/Pages/Newspaper.png using Guid(93b665dd044b3754180a97594a2ffefb) Importer(815301076,1909f56bfc062723c751e8b465ee728b)  -> (artifact id: '2e023c7ca051f4bfeb99ecce140cd6aa') in 0.084996 seconds
  Import took 0.124598 seconds .

========================================================================
Received Import Request.
  Time since last request: 1001.561020 seconds.
  path: Assets/Textures/Pages/Newspaper.png
  artifactKey: Guid(93b665dd044b3754180a97594a2ffefb) Importer(815301076,1909f56bfc062723c751e8b465ee728b)
Start importing Assets/Textures/Pages/Newspaper.png using Guid(93b665dd044b3754180a97594a2ffefb) Importer(815301076,1909f56bfc062723c751e8b465ee728b)  -> (artifact id: '82695510434a176a19d85ee35dada42d') in 0.042782 seconds
  Import took 0.066632 seconds .

========================================================================
Received Prepare
Registering precompiled user dll's ...
Registered in 0.002568 seconds.
Begin MonoManager ReloadAssembly
Native extension for WindowsStandalone target not found
Refreshing native plugins compatible for Editor in 0.40 ms, found 0 plugins.
Preloading 0 native plugins for Editor in 0.00 ms.
Invoked RoslynAnalysisRunner static constructor.
RoslynAnalysisRunner will not be running.
RoslynAnalysisRunner has terminated.
Mono: successfully reloaded assembly
- Completed reload, in  0.825 seconds
Platform modules already initialized, skipping
Refreshing native plugins compatible for Editor in 0.38 ms, found 0 plugins.
Preloading 0 native plugins for Editor in 0.00 ms.
Unloading 1341 Unused Serialized files (Serialized files now loaded: 0)
System memory in use before: 129.8 MB.
System memory in use after: 129.5 MB.

Unloading 9 unused Assets to reduce memory usage. Loaded Objects now: 2156.
Total: 2.095100 ms (FindLiveObjects: 0.137900 ms CreateObjectMapping: 0.047700 ms MarkObjects: 1.393600 ms  DeleteObjects: 0.515000 ms)

========================================================================
Received Prepare
Registering precompiled user dll's ...
Registered in 0.002581 seconds.
Begin MonoManager ReloadAssembly
Native extension for WindowsStandalone target not found
Refreshing native plugins compatible for Editor in 0.34 ms, found 0 plugins.
Preloading 0 native plugins for Editor in 0.00 ms.
Invoked RoslynAnalysisRunner static constructor.
RoslynAnalysisRunner will not be running.
RoslynAnalysisRunner has terminated.
Mono: successfully reloaded assembly
- Completed reload, in  0.735 seconds
Platform modules already initialized, skipping
Refreshing native plugins compatible for Editor in 0.37 ms, found 0 plugins.
Preloading 0 native plugins for Editor in 0.00 ms.
Unloading 1341 Unused Serialized files (Serialized files now loaded: 0)
System memory in use before: 129.8 MB.
System memory in use after: 129.6 MB.

Unloading 9 unused Assets to reduce memory usage. Loaded Objects now: 2158.
Total: 2.138000 ms (FindLiveObjects: 0.140400 ms CreateObjectMapping: 0.041300 ms MarkObjects: 1.428700 ms  DeleteObjects: 0.526500 ms)

AssetImportWorkerClient::OnTransportError - code=2 error=End of file
